#ident	"@(#)oamintf:i386/cmd/oamintf/xx/FACE3.2/OBJECTS/PS/FILTER/Menu.output	1.3"
#ident	"$Header: $"
menu="CHOICES"
multiselect

done=`indicator -w;getitems " " | set -l Form_Choice` close

name=any
itemmsg=MARK the content types of the output files and press RETURN.
					      
name=simple
itemmsg=MARK the content types of the output files and press RETURN.

name=HP
itemmsg=MARK the content types of the output files and press RETURN.

name=dumb
itemmsg=MARK the content types of the output files and press RETURN.

name=435
itemmsg=MARK the content types of the output files and press RETURN.

name=455
itemmsg=MARK the content types of the output files and press RETURN.

name=473
itemmsg=MARK the content types of the output files and press RETURN.

name=475
itemmsg=MARK the content types of the output files and press RETURN.

name=""
button=1
action=nop

name=""
button=4
action=nop

name=""
button=5
action=nop

name=""
button=7
action=nop

name=""
button=8
action=nop
